Started by user [8mha:////4HGqi55go4pcFqQwaDf2mvIskBAwybErQU513dR5k/W/AAAAlh+LCAAAAAAAAP9b85aBtbiIQTGjNKU4P08vOT+vOD8nVc83PyU1x6OyILUoJzMv2y+/JJUBAhiZGBgqihhk0NSjKDWzXb3RdlLBUSYGJk8GtpzUvPSSDB8G5tKinBIGIZ+sxLJE/ZzEvHT94JKizLx0a6BxUmjGOUNodHsLgAyuEgYu/dLi1CL9gsTSHABGhyEavwAAAA==[0mpaul naeem
Building in workspace /var/jenkins_home/workspace/job1
No credentials specified
Cloning the remote Git repository
Cloning repository https://github.com/paulkhair/DevOps.git
 > git init /var/jenkins_home/workspace/job1 # timeout=10
Fetching upstream changes from https://github.com/paulkhair/DevOps.git
 > git --version # timeout=10
 > git fetch --tags --progress https://github.com/paulkhair/DevOps.git +refs/heads/*:refs/remotes/origin/*
 > git config remote.origin.url https://github.com/paulkhair/DevOps.git # timeout=10
 > git config --add remote.origin.fetch +refs/heads/*:refs/remotes/origin/* # timeout=10
 > git config remote.origin.url https://github.com/paulkhair/DevOps.git # timeout=10
Fetching upstream changes from https://github.com/paulkhair/DevOps.git
 > git fetch --tags --progress https://github.com/paulkhair/DevOps.git +refs/heads/*:refs/remotes/origin/*
 > git rev-parse refs/remotes/origin/master^{commit} # timeout=10
 > git rev-parse refs/remotes/origin/origin/master^{commit} # timeout=10
Checking out Revision f5c81751b1eab6171d5c9fd450dfaa0a45b1a717 (refs/remotes/origin/master)
 > git config core.sparsecheckout # timeout=10
 > git checkout -f f5c81751b1eab6171d5c9fd450dfaa0a45b1a717
Commit message: "for testing"
First time build. Skipping changelog.
[job1] $ mvn install
FATAL: command execution failed
java.io.IOException: error=2, No such file or directory
	at java.lang.UNIXProcess.forkAndExec(Native Method)
	at java.lang.UNIXProcess.<init>(UNIXProcess.java:247)
	at java.lang.ProcessImpl.start(ProcessImpl.java:134)
	at java.lang.ProcessBuilder.start(ProcessBuilder.java:1029)
Caused: java.io.IOException: Cannot run program "mvn" (in directory "/var/jenkins_home/workspace/job1"): error=2, No such file or directory
	at java.lang.ProcessBuilder.start(ProcessBuilder.java:1048)
	at hudson.Proc$LocalProc.<init>(Proc.java:249)
	at hudson.Proc$LocalProc.<init>(Proc.java:218)
	at hudson.Launcher$LocalLauncher.launch(Launcher.java:936)
	at hudson.Launcher$ProcStarter.start(Launcher.java:455)
	at hudson.Launcher$ProcStarter.join(Launcher.java:466)
	at hudson.tasks.Maven.perform(Maven.java:368)
	at hudson.tasks.BuildStepMonitor$1.perform(BuildStepMonitor.java:20)
	at hudson.model.AbstractBuild$AbstractBuildExecution.perform(AbstractBuild.java:744)
	at hudson.model.Build$BuildExecution.build(Build.java:206)
	at hudson.model.Build$BuildExecution.doRun(Build.java:163)
	at hudson.model.AbstractBuild$AbstractBuildExecution.run(AbstractBuild.java:504)
	at hudson.model.Run.execute(Run.java:1810)
	at hudson.model.FreeStyleBuild.run(FreeStyleBuild.java:43)
	at hudson.model.ResourceController.execute(ResourceController.java:97)
	at hudson.model.Executor.run(Executor.java:429)
Build step 'Invoke top-level Maven targets' marked build as failure
Finished: FAILURE
