Started by user [8mha:////4HGqi55go4pcFqQwaDf2mvIskBAwybErQU513dR5k/W/AAAAlh+LCAAAAAAAAP9b85aBtbiIQTGjNKU4P08vOT+vOD8nVc83PyU1x6OyILUoJzMv2y+/JJUBAhiZGBgqihhk0NSjKDWzXb3RdlLBUSYGJk8GtpzUvPSSDB8G5tKinBIGIZ+sxLJE/ZzEvHT94JKizLx0a6BxUmjGOUNodHsLgAyuEgYu/dLi1CL9gsTSHABGhyEavwAAAA==[0mpaul naeem
Building in workspace /var/jenkins_home/workspace/Jenkins-Artifactory
No credentials specified
 > git rev-parse --is-inside-work-tree # timeout=10
Fetching changes from the remote Git repository
 > git config remote.origin.url https://github.com/paulkhair/test.git # timeout=10
Fetching upstream changes from https://github.com/paulkhair/test.git
 > git --version # timeout=10
 > git fetch --tags --progress https://github.com/paulkhair/test.git +refs/heads/*:refs/remotes/origin/*
 > git rev-parse refs/remotes/origin/master^{commit} # timeout=10
 > git rev-parse refs/remotes/origin/origin/master^{commit} # timeout=10
Checking out Revision c2311f50b3233c311da6bf7f1979de2dfea3e75d (refs/remotes/origin/master)
 > git config core.sparsecheckout # timeout=10
 > git checkout -f c2311f50b3233c311da6bf7f1979de2dfea3e75d
Commit message: "copy of Java test"
 > git rev-list --no-walk c2311f50b3233c311da6bf7f1979de2dfea3e75d # timeout=10
Jenkins Artifactory Plugin version: 3.2.1
Artifactory integration is enabled
[Jenkins-Artifactory] $ java -classpath /var/jenkins_home/tools/hudson.tasks.Maven_MavenInstallation/devops-maven/boot/* -Dmaven.home=/var/jenkins_home/tools/hudson.tasks.Maven_MavenInstallation/devops-maven -Dmaven.conf=/var/jenkins_home/tools/hudson.tasks.Maven_MavenInstallation/devops-maven/conf -DbuildInfoConfig.propertiesFile=/var/jenkins_home/workspace/Jenkins-Artifactory@tmp/artifactory/buildInfo2778268609619501799.properties -DbuildInfoConfig.artifactoryResolutionEnabled=true -Dm3plugin.lib=/var/jenkins_home/workspace/Jenkins-Artifactory/cache/artifactory-plugin/3.2.1 -Dclassworlds.conf=/var/jenkins_home/workspace/Jenkins-Artifactory/classworlds9089854667194715062conf -Dmaven.multiModuleProjectDirectory=/var/jenkins_home/workspace/Jenkins-Artifactory/pom.xml org.codehaus.plexus.classworlds.launcher.Launcher -f pom.xml install
[main] INFO org.apache.maven.cli.event.ExecutionEventLogger - Scanning for projects...
[main] INFO org.jfrog.build.extractor.maven.BuildInfoRecorder - Initializing Artifactory Build-Info Recording
[main] INFO org.apache.maven.cli.event.ExecutionEventLogger - 
[main] INFO org.apache.maven.cli.event.ExecutionEventLogger - -----------------------< devopsarea:devopsarea >------------------------
[main] INFO org.apache.maven.cli.event.ExecutionEventLogger - Building devopsarea 1.0
[main] INFO org.apache.maven.cli.event.ExecutionEventLogger - --------------------------------[ war ]---------------------------------
Downloading from central: http://artifactory:8080/artifactory/libs-release/org/apache/maven/plugins/maven-enforcer-plugin/1.3.1/maven-enforcer-plugin-1.3.1.pom
[main] INFO org.apache.maven.cli.event.ExecutionEventLogger - ------------------------------------------------------------------------
[main] INFO org.apache.maven.cli.event.ExecutionEventLogger - BUILD FAILURE
[main] INFO org.apache.maven.cli.event.ExecutionEventLogger - ------------------------------------------------------------------------
[main] INFO org.apache.maven.cli.event.ExecutionEventLogger - Total time:  1.386 s
[main] INFO org.apache.maven.cli.event.ExecutionEventLogger - Finished at: 2019-03-03T13:32:32Z
[main] INFO org.apache.maven.cli.event.ExecutionEventLogger - ------------------------------------------------------------------------
[main] ERROR org.apache.maven.cli.MavenCli - Plugin org.apache.maven.plugins:maven-enforcer-plugin:1.3.1 or one of its dependencies could not be resolved: Failed to read artifact descriptor for org.apache.maven.plugins:maven-enforcer-plugin:jar:1.3.1: Could not transfer artifact org.apache.maven.plugins:maven-enforcer-plugin:pom:1.3.1 from/to central (http://artifactory:8080/artifactory/libs-release): artifactory: Temporary failure in name resolution: Unknown host artifactory: Temporary failure in name resolution -> [Help 1]
[main] ERROR org.apache.maven.cli.MavenCli - 
[main] ERROR org.apache.maven.cli.MavenCli - To see the full stack trace of the errors, re-run Maven with the -e switch.
[main] ERROR org.apache.maven.cli.MavenCli - Re-run Maven using the -X switch to enable full debug logging.
[main] ERROR org.apache.maven.cli.MavenCli - 
[main] ERROR org.apache.maven.cli.MavenCli - For more information about the errors and possible solutions, please read the following articles:
[main] ERROR org.apache.maven.cli.MavenCli - [Help 1] http://cwiki.apache.org/confluence/display/MAVEN/PluginResolutionException
Build step 'Invoke Artifactory Maven 3' changed build result to FAILURE
Build step 'Invoke Artifactory Maven 3' marked build as failure
Finished: FAILURE
